# JRE version: Java(TM) SE Runtime Environment (8.0_201-b09) (build 1.8.0_201-b09)
# Java VM: Java HotSpot(TM) 64-Bit Server VM (25.201-b09 mixed mode windows-amd64 compressed oops)
Heap:
 PSYoungGen      total 370688K, used 283982K [0x00000000e0000000, 0x00000000f9e80000, 0x0000000100000000)
  eden space 332800K, 85% used [0x00000000e0000000,0x00000000f1553998,0x00000000f4500000)
  from space 37888K, 0% used [0x00000000f6a00000,0x00000000f6a00000,0x00000000f8f00000)
  to   space 37888K, 0% used [0x00000000f4500000,0x00000000f4500000,0x00000000f6a00000)
 ParOldGen       total 284672K, used 54103K [0x00000000a0000000, 0x00000000b1600000, 0x00000000e0000000)
  object space 284672K, 19% used [0x00000000a0000000,0x00000000a34d5f58,0x00000000b1600000)
 Metaspace       used 99990K, capacity 104010K, committed 105304K, reserved 1140736K
  class space    used 13234K, capacity 13992K, committed 14208K, reserved 1048576K
GC Heap History (10 events):
Event: 26.028 GC heap before
{Heap before GC invocations=16 (full 3):
 PSYoungGen      total 270336K, used 270315K [0x00000000e0000000, 0x00000000f2700000, 0x0000000100000000)
  eden space 248832K, 100% used [0x00000000e0000000,0x00000000ef300000,0x00000000ef300000)
  from space 21504K, 99% used [0x00000000f0e00000,0x00000000f22facc0,0x00000000f2300000)
  to   space 26624K, 0% used [0x00000000ef300000,0x00000000ef300000,0x00000000f0d00000)
 ParOldGen       total 195072K, used 36313K [0x00000000a0000000, 0x00000000abe80000, 0x00000000e0000000)
  object space 195072K, 18% used [0x00000000a0000000,0x00000000a2376460,0x00000000abe80000)
 Metaspace       used 77062K, capacity 80584K, committed 80856K, reserved 1118208K
  class space    used 10410K, capacity 11142K, committed 11264K, reserved 1048576K
Event: 26.082 GC heap after
Heap after GC invocations=16 (full 3):
 PSYoungGen      total 275456K, used 26597K [0x00000000e0000000, 0x00000000f6880000, 0x0000000100000000)
  eden space 248832K, 0% used [0x00000000e0000000,0x00000000e0000000,0x00000000ef300000)
  from space 26624K, 99% used [0x00000000ef300000,0x00000000f0cf96a8,0x00000000f0d00000)
  to   space 35840K, 0% used [0x00000000f4580000,0x00000000f4580000,0x00000000f6880000)
 ParOldGen       total 195072K, used 51875K [0x00000000a0000000, 0x00000000abe80000, 0x00000000e0000000)
  object space 195072K, 26% used [0x00000000a0000000,0x00000000a32a8ea8,0x00000000abe80000)
 Metaspace       used 77062K, capacity 80584K, committed 80856K, reserved 1118208K
  class space    used 10410K, capacity 11142K, committed 11264K, reserved 1048576K
}
Event: 3468.389 GC heap before
{Heap before GC invocations=17 (full 3):
 PSYoungGen      total 275456K, used 275429K [0x00000000e0000000, 0x00000000f6880000, 0x0000000100000000)
  eden space 248832K, 100% used [0x00000000e0000000,0x00000000ef300000,0x00000000ef300000)
  from space 26624K, 99% used [0x00000000ef300000,0x00000000f0cf96a8,0x00000000f0d00000)
  to   space 35840K, 0% used [0x00000000f4580000,0x00000000f4580000,0x00000000f6880000)
 ParOldGen       total 195072K, used 51875K [0x00000000a0000000, 0x00000000abe80000, 0x00000000e0000000)
  object space 195072K, 26% used [0x00000000a0000000,0x00000000a32a8ea8,0x00000000abe80000)
 Metaspace       used 82492K, capacity 86342K, committed 86488K, reserved 1124352K
  class space    used 10940K, capacity 11727K, committed 11776K, reserved 1048576K
Event: 3468.438 GC heap after
Heap after GC invocations=17 (full 3):
 PSYoungGen      total 316928K, used 23196K [0x00000000e0000000, 0x00000000f6100000, 0x0000000100000000)
  eden space 288768K, 0% used [0x00000000e0000000,0x00000000e0000000,0x00000000f1a00000)
  from space 28160K, 82% used [0x00000000f4580000,0x00000000f5c27140,0x00000000f6100000)
  to   space 36352K, 0% used [0x00000000f1a00000,0x00000000f1a00000,0x00000000f3d80000)
 ParOldGen       total 195072K, used 70142K [0x00000000a0000000, 0x00000000abe80000, 0x00000000e0000000)
  object space 195072K, 35% used [0x00000000a0000000,0x00000000a447f9c8,0x00000000abe80000)
 Metaspace       used 82492K, capacity 86342K, committed 86488K, reserved 1124352K
  class space    used 10940K, capacity 11727K, committed 11776K, reserved 1048576K
}
Event: 3472.933 GC heap before
{Heap before GC invocations=18 (full 3):
 PSYoungGen      total 316928K, used 311964K [0x00000000e0000000, 0x00000000f6100000, 0x0000000100000000)
  eden space 288768K, 100% used [0x00000000e0000000,0x00000000f1a00000,0x00000000f1a00000)
  from space 28160K, 82% used [0x00000000f4580000,0x00000000f5c27140,0x00000000f6100000)
  to   space 36352K, 0% used [0x00000000f1a00000,0x00000000f1a00000,0x00000000f3d80000)
 ParOldGen       total 195072K, used 70142K [0x00000000a0000000, 0x00000000abe80000, 0x00000000e0000000)
  object space 195072K, 35% used [0x00000000a0000000,0x00000000a447f9c8,0x00000000abe80000)
 Metaspace       used 90341K, capacity 94222K, committed 94424K, reserved 1130496K
  class space    used 11965K, capacity 12777K, committed 12800K, reserved 1048576K
Event: 3472.971 GC heap after
Heap after GC invocations=18 (full 3):
 PSYoungGen      total 325120K, used 26715K [0x00000000e0000000, 0x00000000f8f00000, 0x0000000100000000)
  eden space 288768K, 0% used [0x00000000e0000000,0x00000000e0000000,0x00000000f1a00000)
  from space 36352K, 73% used [0x00000000f1a00000,0x00000000f3416c50,0x00000000f3d80000)
  to   space 37888K, 0% used [0x00000000f6a00000,0x00000000f6a00000,0x00000000f8f00000)
 ParOldGen       total 195072K, used 70150K [0x00000000a0000000, 0x00000000abe80000, 0x00000000e0000000)
  object space 195072K, 35% used [0x00000000a0000000,0x00000000a44819c8,0x00000000abe80000)
 Metaspace       used 90341K, capacity 94222K, committed 94424K, reserved 1130496K
  class space    used 11965K, capacity 12777K, committed 12800K, reserved 1048576K
}
Event: 3474.049 GC heap before
{Heap before GC invocations=19 (full 3):
 PSYoungGen      total 325120K, used 82578K [0x00000000e0000000, 0x00000000f8f00000, 0x0000000100000000)
  eden space 288768K, 19% used [0x00000000e0000000,0x00000000e368dd30,0x00000000f1a00000)
  from space 36352K, 73% used [0x00000000f1a00000,0x00000000f3416c50,0x00000000f3d80000)
  to   space 37888K, 0% used [0x00000000f6a00000,0x00000000f6a00000,0x00000000f8f00000)
 ParOldGen       total 195072K, used 70150K [0x00000000a0000000, 0x00000000abe80000, 0x00000000e0000000)
  object space 195072K, 35% used [0x00000000a0000000,0x00000000a44819c8,0x00000000abe80000)
 Metaspace       used 93822K, capacity 98176K, committed 98280K, reserved 1134592K
  class space    used 12477K, capacity 13338K, committed 13440K, reserved 1048576K
Event: 3474.086 GC heap after
Heap after GC invocations=19 (full 3):
 PSYoungGen      total 370688K, used 22800K [0x00000000e0000000, 0x00000000f9e80000, 0x0000000100000000)
  eden space 332800K, 0% used [0x00000000e0000000,0x00000000e0000000,0x00000000f4500000)
  from space 37888K, 60% used [0x00000000f6a00000,0x00000000f8044178,0x00000000f8f00000)
  to   space 37888K, 0% used [0x00000000f4500000,0x00000000f4500000,0x00000000f6a00000)
 ParOldGen       total 195072K, used 70158K [0x00000000a0000000, 0x00000000abe80000, 0x00000000e0000000)
  object space 195072K, 35% used [0x00000000a0000000,0x00000000a44839c8,0x00000000abe80000)
 Metaspace       used 93822K, capacity 98176K, committed 98280K, reserved 1134592K
  class space    used 12477K, capacity 13338K, committed 13440K, reserved 1048576K
}
Event: 3474.086 GC heap before
{Heap before GC invocations=20 (full 4):
 PSYoungGen      total 370688K, used 22800K [0x00000000e0000000, 0x00000000f9e80000, 0x0000000100000000)
  eden space 332800K, 0% used [0x00000000e0000000,0x00000000e0000000,0x00000000f4500000)
  from space 37888K, 60% used [0x00000000f6a00000,0x00000000f8044178,0x00000000f8f00000)
  to   space 37888K, 0% used [0x00000000f4500000,0x00000000f4500000,0x00000000f6a00000)
 ParOldGen       total 195072K, used 70158K [0x00000000a0000000, 0x00000000abe80000, 0x00000000e0000000)
  object space 195072K, 35% used [0x00000000a0000000,0x00000000a44839c8,0x00000000abe80000)
 Metaspace       used 93822K, capacity 98176K, committed 98280K, reserved 1134592K
  class space    used 12477K, capacity 13338K, committed 13440K, reserved 1048576K
Event: 3474.432 GC heap after
Heap after GC invocations=20 (full 4):
 PSYoungGen      total 370688K, used 0K [0x00000000e0000000, 0x00000000f9e80000, 0x0000000100000000)
  eden space 332800K, 0% used [0x00000000e0000000,0x00000000e0000000,0x00000000f4500000)
  from space 37888K, 0% used [0x00000000f6a00000,0x00000000f6a00000,0x00000000f8f00000)
  to   space 37888K, 0% used [0x00000000f4500000,0x00000000f4500000,0x00000000f6a00000)
 ParOldGen       total 284672K, used 54103K [0x00000000a0000000, 0x00000000b1600000, 0x00000000e0000000)
  object space 284672K, 19% used [0x00000000a0000000,0x00000000a34d5f58,0x00000000b1600000)
 Metaspace       used 92312K, capacity 95178K, committed 98280K, reserved 1134592K
  class space    used 12130K, capacity 12730K, committed 13440K, reserved 1048576K
}

